[2021-11-12T21:36:47.926+0800][gc,heap] Heap region size: 1M
[2021-11-12T21:36:47.956+0800][gc     ] Using G1
[2021-11-12T21:36:47.956+0800][gc,heap,coops] Heap address: 0x00000000c0000000, size: 1024 MB, Compressed Oops mode: 32-bit
[2021-11-12T21:36:47.957+0800][gc,cds       ] Mark closed archive regions in map: [0x00000000fff00000, 0x00000000fff6aff8]
[2021-11-12T21:36:47.957+0800][gc,cds       ] Mark open archive regions in map: [0x00000000ffe00000, 0x00000000ffe46ff8]
[2021-11-12T21:36:48.975+0800][gc,start     ] GC(0) Pause Young (Normal) (G1 Evacuation Pause)
[2021-11-12T21:36:48.978+0800][gc,task      ] GC(0) Using 8 workers of 8 for evacuation
[2021-11-12T21:36:48.996+0800][gc,phases    ] GC(0)   Pre Evacuate Collection Set: 0.0ms
[2021-11-12T21:36:48.996+0800][gc,phases    ] GC(0)   Evacuate Collection Set: 16.7ms
[2021-11-12T21:36:48.996+0800][gc,phases    ] GC(0)   Post Evacuate Collection Set: 0.5ms
[2021-11-12T21:36:48.996+0800][gc,phases    ] GC(0)   Other: 3.3ms
[2021-11-12T21:36:48.996+0800][gc,heap      ] GC(0) Eden regions: 51->0(44)
[2021-11-12T21:36:48.996+0800][gc,heap      ] GC(0) Survivor regions: 0->7(7)
[2021-11-12T21:36:48.996+0800][gc,heap      ] GC(0) Old regions: 2->2
[2021-11-12T21:36:48.996+0800][gc,heap      ] GC(0) Humongous regions: 0->0
[2021-11-12T21:36:48.996+0800][gc,metaspace ] GC(0) Metaspace: 14800K->14800K(1062912K)
[2021-11-12T21:36:48.996+0800][gc           ] GC(0) Pause Young (Normal) (G1 Evacuation Pause) 51M->7M(1024M) 20.778ms
[2021-11-12T21:36:48.996+0800][gc,cpu       ] GC(0) User=0.02s Sys=0.02s Real=0.02s
[2021-11-12T21:36:49.489+0800][gc,heap,exit ] Heap
[2021-11-12T21:36:49.489+0800][gc,heap,exit ]  garbage-first heap   total 1048576K, used 27741K [0x00000000c0000000, 0x0000000100000000)
[2021-11-12T21:36:49.489+0800][gc,heap,exit ]   region size 1024K, 29 young (29696K), 7 survivors (7168K)
[2021-11-12T21:36:49.489+0800][gc,heap,exit ]  Metaspace       used 19992K, capacity 20574K, committed 20736K, reserved 1067008K
[2021-11-12T21:36:49.489+0800][gc,heap,exit ]   class space    used 2471K, capacity 2695K, committed 2816K, reserved 1048576K
