[2021-11-12 22:10:03,049] INFO Shutting down the log cleaner. (kafka.log.LogCleaner)
[2021-11-12 22:10:03,059] INFO [kafka-log-cleaner-thread-0]: Shutting down (kafka.log.LogCleaner)
[2021-11-12 22:10:03,059] INFO [kafka-log-cleaner-thread-0]: Stopped (kafka.log.LogCleaner)
[2021-11-12 22:10:03,059] INFO [kafka-log-cleaner-thread-0]: Shutdown completed (kafka.log.LogCleaner)
[2021-11-12 22:10:07,998] INFO Starting the log cleaner (kafka.log.LogCleaner)
[2021-11-12 22:10:08,146] INFO [kafka-log-cleaner-thread-0]: Starting (kafka.log.LogCleaner)
[2021-11-12 22:10:13,580] INFO Starting the log cleaner (kafka.log.LogCleaner)
[2021-11-12 22:10:13,728] INFO [kafka-log-cleaner-thread-0]: Starting (kafka.log.LogCleaner)
[2021-11-12 22:25:01,859] INFO Shutting down the log cleaner. (kafka.log.LogCleaner)
[2021-11-12 22:25:01,859] INFO [kafka-log-cleaner-thread-0]: Shutting down (kafka.log.LogCleaner)
[2021-11-12 22:25:01,859] INFO [kafka-log-cleaner-thread-0]: Stopped (kafka.log.LogCleaner)
[2021-11-12 22:25:01,859] INFO [kafka-log-cleaner-thread-0]: Shutdown completed (kafka.log.LogCleaner)
[2021-11-12 22:35:54,397] INFO Shutting down the log cleaner. (kafka.log.LogCleaner)
[2021-11-12 22:35:54,398] INFO [kafka-log-cleaner-thread-0]: Shutting down (kafka.log.LogCleaner)
[2021-11-12 22:35:54,399] INFO [kafka-log-cleaner-thread-0]: Stopped (kafka.log.LogCleaner)
[2021-11-12 22:35:54,399] INFO [kafka-log-cleaner-thread-0]: Shutdown completed (kafka.log.LogCleaner)
[2021-11-12 22:37:37,271] INFO Starting the log cleaner (kafka.log.LogCleaner)
[2021-11-12 22:37:37,418] INFO [kafka-log-cleaner-thread-0]: Starting (kafka.log.LogCleaner)
[2021-11-12 22:37:57,943] INFO Starting the log cleaner (kafka.log.LogCleaner)
[2021-11-12 22:37:58,100] INFO [kafka-log-cleaner-thread-0]: Starting (kafka.log.LogCleaner)
[2021-11-12 22:38:04,357] INFO Starting the log cleaner (kafka.log.LogCleaner)
[2021-11-12 22:38:04,508] INFO [kafka-log-cleaner-thread-0]: Starting (kafka.log.LogCleaner)
[2021-11-12 22:50:17,570] INFO Shutting down the log cleaner. (kafka.log.LogCleaner)
[2021-11-12 22:50:17,571] INFO [kafka-log-cleaner-thread-0]: Shutting down (kafka.log.LogCleaner)
[2021-11-12 22:50:17,571] INFO [kafka-log-cleaner-thread-0]: Stopped (kafka.log.LogCleaner)
[2021-11-12 22:50:17,571] INFO [kafka-log-cleaner-thread-0]: Shutdown completed (kafka.log.LogCleaner)
[2021-11-12 22:50:22,399] INFO Shutting down the log cleaner. (kafka.log.LogCleaner)
[2021-11-12 22:50:22,399] INFO [kafka-log-cleaner-thread-0]: Shutting down (kafka.log.LogCleaner)
[2021-11-12 22:50:22,400] INFO [kafka-log-cleaner-thread-0]: Stopped (kafka.log.LogCleaner)
[2021-11-12 22:50:22,400] INFO [kafka-log-cleaner-thread-0]: Shutdown completed (kafka.log.LogCleaner)
[2021-11-12 22:50:26,281] INFO Shutting down the log cleaner. (kafka.log.LogCleaner)
[2021-11-12 22:50:26,282] INFO [kafka-log-cleaner-thread-0]: Shutting down (kafka.log.LogCleaner)
[2021-11-12 22:50:26,282] INFO [kafka-log-cleaner-thread-0]: Stopped (kafka.log.LogCleaner)
[2021-11-12 22:50:26,282] INFO [kafka-log-cleaner-thread-0]: Shutdown completed (kafka.log.LogCleaner)
[2021-11-12 22:50:40,643] INFO Starting the log cleaner (kafka.log.LogCleaner)
[2021-11-12 22:50:40,790] INFO [kafka-log-cleaner-thread-0]: Starting (kafka.log.LogCleaner)
[2021-11-12 22:50:48,835] INFO Starting the log cleaner (kafka.log.LogCleaner)
[2021-11-12 22:50:48,998] INFO [kafka-log-cleaner-thread-0]: Starting (kafka.log.LogCleaner)
[2021-11-12 22:50:52,893] INFO Starting the log cleaner (kafka.log.LogCleaner)
[2021-11-12 22:50:53,052] INFO [kafka-log-cleaner-thread-0]: Starting (kafka.log.LogCleaner)
[2021-11-12 22:57:58,041] INFO Shutting down the log cleaner. (kafka.log.LogCleaner)
[2021-11-12 22:57:58,041] INFO [kafka-log-cleaner-thread-0]: Shutting down (kafka.log.LogCleaner)
[2021-11-12 22:57:58,042] INFO [kafka-log-cleaner-thread-0]: Stopped (kafka.log.LogCleaner)
[2021-11-12 22:57:58,042] INFO [kafka-log-cleaner-thread-0]: Shutdown completed (kafka.log.LogCleaner)
[2021-11-12 22:59:22,963] INFO Starting the log cleaner (kafka.log.LogCleaner)
[2021-11-12 22:59:23,123] INFO [kafka-log-cleaner-thread-0]: Starting (kafka.log.LogCleaner)
